<?xml version="1.0" encoding="UTF-8"?>
<!-- Generated by org.testng.reporters.JUnitReportReporter -->
<testsuite hostname="DESKTOP-PG7NEKE" failures="0" tests="1" name="TestNG.AnnotationorderofexectionTestNg" time="0.011" errors="0" timestamp="2023-05-26T12:54:58 IST" skipped="0">
  <testcase classname="TestNG.AnnotationorderofexectionTestNg" name="test" time="0.011"/>
  <system-out/>
</testsuite> <!-- TestNG.AnnotationorderofexectionTestNg -->
