<?xml version="1.0" encoding="UTF-8"?>
<!-- Generated by org.testng.reporters.JUnitReportReporter -->
<testsuite hostname="DESKTOP-PG7NEKE" failures="0" tests="4" name="TestNG.SkipAtestCase$PriorityTestNG" time="0.011" errors="0" timestamp="2023-05-25T17:36:10 IST" skipped="1">
  <testcase classname="TestNG.SkipAtestCase$PriorityTestNG" name="starThecar" time="0.002"/>
  <system-out/>
  <testcase classname="TestNG.SkipAtestCase$PriorityTestNG" name="putfirstGear" time="0.001"/>
  <system-out/>
  <testcase classname="TestNG.SkipAtestCase$PriorityTestNG" name="putSecondGear" time="0.001"/>
  <system-out/>
  <testcase classname="TestNG.SkipAtestCase$PriorityTestNG" name="putthirdGear" time="0.007">
    <skipped/>
  </testcase> <!-- putthirdGear -->
  <system-out/>
</testsuite> <!-- TestNG.SkipAtestCase$PriorityTestNG -->
