<?xml version="1.0" encoding="UTF-8"?>
<!-- Generated by org.testng.reporters.JUnitReportReporter -->
<testsuite hostname="DESKTOP-PG7NEKE" failures="0" tests="4" name="TestNG.FrameWorktestNg" time="0.022" errors="0" timestamp="2023-05-25T17:36:10 IST" skipped="0">
  <testcase classname="TestNG.FrameWorktestNg" name="fourthTestcase" time="0.002"/>
  <system-out/>
  <testcase classname="TestNG.FrameWorktestNg" name="firttestcase" time="0.015"/>
  <system-out/>
  <testcase classname="TestNG.FrameWorktestNg" name="tirdTestcase" time="0.002"/>
  <system-out/>
  <testcase classname="TestNG.FrameWorktestNg" name="secondTestcase" time="0.003"/>
  <system-out/>
</testsuite> <!-- TestNG.FrameWorktestNg -->
