<?xml version="1.0" encoding="UTF-8"?>
<!-- Generated by org.testng.reporters.JUnitReportReporter -->
<testsuite hostname="DESKTOP-PG7NEKE" failures="0" tests="3" name="TestNG.SuiteExample" time="14.865" errors="0" timestamp="2023-05-25T17:36:10 IST" skipped="0">
  <testcase classname="TestNG.SuiteExample" name="opengoogle" time="5.748"/>
  <system-out/>
  <testcase classname="TestNG.SuiteExample" name="openBing" time="3.527"/>
  <system-out/>
  <testcase classname="TestNG.SuiteExample" name="openYahoo" time="5.590"/>
  <system-out/>
</testsuite> <!-- TestNG.SuiteExample -->
