<?xml version="1.0" encoding="UTF-8"?>
<!-- Generated by org.testng.reporters.JUnitReportReporter -->
<testsuite hostname="DESKTOP-PG7NEKE" failures="0" tests="1" name="Automation.checkEqual" time="0.017" errors="0" timestamp="2023-05-19T13:50:29 IST" skipped="0">
  <testcase classname="Automation.checkEqual" name="check" time="0.017"/>
  <system-out/>
</testsuite> <!-- Automation.checkEqual -->
