<?xml version="1.0" encoding="UTF-8"?>
<!-- Generated by org.testng.reporters.JUnitReportReporter -->
<testsuite hostname="DESKTOP-PG7NEKE" failures="0" tests="4" name="TestNG.PriorityTestNG" time="0.017" errors="0" timestamp="2023-05-25T17:36:10 IST" skipped="0">
  <testcase classname="TestNG.PriorityTestNG" name="starThecar" time="0.001"/>
  <system-out/>
  <testcase classname="TestNG.PriorityTestNG" name="putfirstGear" time="0.001"/>
  <system-out/>
  <testcase classname="TestNG.PriorityTestNG" name="putSecondGear" time="0.010"/>
  <system-out/>
  <testcase classname="TestNG.PriorityTestNG" name="putthirdGear" time="0.005"/>
  <system-out/>
</testsuite> <!-- TestNG.PriorityTestNG -->
