<?xml version="1.0" encoding="UTF-8"?>
<!-- Generated by org.testng.reporters.JUnitReportReporter -->
<testsuite hostname="DESKTOP-PG7NEKE" failures="0" tests="3" name="DataProviderExample.DataProvider" time="0.019" errors="0" timestamp="2023-05-27T15:06:21 IST" skipped="0">
  <testcase classname="DataProviderExample.DataProvider" name="bookTicket" time="0.004"/>
  <system-out/>
  <testcase classname="DataProviderExample.DataProvider" name="bookTicket" time="0.003"/>
  <system-out/>
  <testcase classname="DataProviderExample.DataProvider" name="bookTicket" time="0.012"/>
  <system-out/>
</testsuite> <!-- DataProviderExample.DataProvider -->
