<?xml version="1.0" encoding="UTF-8"?>
<!-- Generated by org.testng.reporters.JUnitReportReporter -->
<testsuite hostname="DESKTOP-PG7NEKE" failures="0" tests="1" name="Automation.Scrolling" time="4.539" errors="0" timestamp="2023-05-19T15:36:38 IST" skipped="0">
  <testcase classname="Automation.Scrolling" name="m1" time="4.539"/>
  <system-out/>
</testsuite> <!-- Automation.Scrolling -->
