<?xml version="1.0" encoding="UTF-8"?>
<!-- Generated by org.testng.reporters.JUnitReportReporter -->
<testsuite hostname="DESKTOP-PG7NEKE" failures="0" tests="2" name="Enetwork2.Contect_us" time="10.916" errors="0" timestamp="2023-06-15T10:12:12 IST" skipped="0">
  <testcase classname="Enetwork2.Contect_us" name="openPage" time="7.346"/>
  <system-out/>
  <testcase classname="Enetwork2.Contect_us" name="contactPop" time="3.570"/>
  <system-out/>
</testsuite> <!-- Enetwork2.Contect_us -->
